<?xml version="1.0" encoding="UTF-8"?>
<testsuite name="com.login.demo.DemoApplicationTests" tests="1" skipped="1" failures="0" errors="0" timestamp="2023-02-21T05:16:39" hostname="J504LTRV" time="0.001">
  <properties/>
  <testcase name="contextLoads()" classname="com.login.demo.DemoApplicationTests" time="0.001">
    <skipped/>
  </testcase>
  <system-out><![CDATA[]]></system-out>
  <system-err><![CDATA[]]></system-err>
</testsuite>
